# JRE version: OpenJDK Runtime Environment (17.0.1+12) (build 17.0.1+12)
# Java VM: OpenJDK 64-Bit Server VM (17.0.1+12, mixed mode, tiered, compressed oops, compressed class ptrs, parallel gc, linux-amd64)
GC Precious Log:
 CPUs: 12 total, 12 available
 Memory: 16008M
 Large Page Support: Disabled
 NUMA Support: Disabled
 Compressed Oops: Enabled (32-bit)
 Alignments: Space 512K, Generation 512K, Heap 2M
 Heap Min Capacity: 100M
 Heap Initial Capacity: 100M
 Heap Max Capacity: 1G
 Pre-touch: Disabled
 Parallel Workers: 10
Heap:
 PSYoungGen      total 74752K, used 57242K [0x00000000eab00000, 0x00000000f1c00000, 0x0000000100000000)
  eden space 73728K, 76% used [0x00000000eab00000,0x00000000ee1e8498,0x00000000ef300000)
  from space 1024K, 99% used [0x00000000f1000000,0x00000000f10fe598,0x00000000f1100000)
  to   space 20992K, 0% used [0x00000000ef300000,0x00000000ef300000,0x00000000f0780000)
 ParOldGen       total 272896K, used 203548K [0x00000000c0000000, 0x00000000d0a80000, 0x00000000eab00000)
  object space 272896K, 74% used [0x00000000c0000000,0x00000000cc6c7380,0x00000000d0a80000)
 Metaspace       used 79087K, committed 80128K, reserved 1122304K
  class space    used 8193K, committed 8640K, reserved 1048576K
GC Heap History (20 events):
Event: 5,352 GC heap before
{Heap before GC invocations=54 (full 7):
 PSYoungGen      total 120320K, used 120036K [0x00000000eab00000, 0x00000000f4380000, 0x0000000100000000)
  eden space 90112K, 100% used [0x00000000eab00000,0x00000000f0300000,0x00000000f0300000)
  from space 30208K, 99% used [0x00000000f2600000,0x00000000f43390d0,0x00000000f4380000)
  to   space 32256K, 0% used [0x00000000f0480000,0x00000000f0480000,0x00000000f2400000)
 ParOldGen       total 300032K, used 244060K [0x00000000c0000000, 0x00000000d2500000, 0x00000000eab00000)
  object space 300032K, 81% used [0x00000000c0000000,0x00000000cee57068,0x00000000d2500000)
 Metaspace       used 59881K, committed 60736K, reserved 1105920K
  class space    used 6278K, committed 6656K, reserved 1048576K
}
Event: 5,360 GC heap after
{Heap after GC invocations=54 (full 7):
 PSYoungGen      total 123904K, used 32242K [0x00000000eab00000, 0x00000000f5c00000, 0x0000000100000000)
  eden space 91648K, 0% used [0x00000000eab00000,0x00000000eab00000,0x00000000f0480000)
  from space 32256K, 99% used [0x00000000f0480000,0x00000000f23fcb80,0x00000000f2400000)
  to   space 41984K, 0% used [0x00000000f3300000,0x00000000f3300000,0x00000000f5c00000)
 ParOldGen       total 300032K, used 251824K [0x00000000c0000000, 0x00000000d2500000, 0x00000000eab00000)
  object space 300032K, 83% used [0x00000000c0000000,0x00000000cf5ec208,0x00000000d2500000)
 Metaspace       used 59881K, committed 60736K, reserved 1105920K
  class space    used 6278K, committed 6656K, reserved 1048576K
}
Event: 84,033 GC heap before
{Heap before GC invocations=55 (full 7):
 PSYoungGen      total 123904K, used 123890K [0x00000000eab00000, 0x00000000f5c00000, 0x0000000100000000)
  eden space 91648K, 100% used [0x00000000eab00000,0x00000000f0480000,0x00000000f0480000)
  from space 32256K, 99% used [0x00000000f0480000,0x00000000f23fcb80,0x00000000f2400000)
  to   space 41984K, 0% used [0x00000000f3300000,0x00000000f3300000,0x00000000f5c00000)
 ParOldGen       total 300032K, used 251824K [0x00000000c0000000, 0x00000000d2500000, 0x00000000eab00000)
  object space 300032K, 83% used [0x00000000c0000000,0x00000000cf5ec208,0x00000000d2500000)
 Metaspace       used 63787K, committed 64704K, reserved 1114112K
  class space    used 6646K, committed 7040K, reserved 1048576K
}
Event: 84,041 GC heap after
{Heap after GC invocations=55 (full 7):
 PSYoungGen      total 99840K, used 10538K [0x00000000eab00000, 0x00000000f3d80000, 0x0000000100000000)
  eden space 89088K, 0% used [0x00000000eab00000,0x00000000eab00000,0x00000000f0200000)
  from space 10752K, 98% used [0x00000000f3300000,0x00000000f3d4abe8,0x00000000f3d80000)
  to   space 21504K, 0% used [0x00000000f1380000,0x00000000f1380000,0x00000000f2880000)
 ParOldGen       total 300032K, used 278289K [0x00000000c0000000, 0x00000000d2500000, 0x00000000eab00000)
  object space 300032K, 92% used [0x00000000c0000000,0x00000000d0fc4618,0x00000000d2500000)
 Metaspace       used 63787K, committed 64704K, reserved 1114112K
  class space    used 6646K, committed 7040K, reserved 1048576K
}
Event: 84,041 GC heap before
{Heap before GC invocations=56 (full 8):
 PSYoungGen      total 99840K, used 10538K [0x00000000eab00000, 0x00000000f3d80000, 0x0000000100000000)
  eden space 89088K, 0% used [0x00000000eab00000,0x00000000eab00000,0x00000000f0200000)
  from space 10752K, 98% used [0x00000000f3300000,0x00000000f3d4abe8,0x00000000f3d80000)
  to   space 21504K, 0% used [0x00000000f1380000,0x00000000f1380000,0x00000000f2880000)
 ParOldGen       total 300032K, used 278289K [0x00000000c0000000, 0x00000000d2500000, 0x00000000eab00000)
  object space 300032K, 92% used [0x00000000c0000000,0x00000000d0fc4618,0x00000000d2500000)
 Metaspace       used 63787K, committed 64704K, reserved 1114112K
  class space    used 6646K, committed 7040K, reserved 1048576K
}
Event: 84,091 GC heap after
{Heap after GC invocations=56 (full 8):
 PSYoungGen      total 87552K, used 0K [0x00000000eab00000, 0x00000000f3380000, 0x0000000100000000)
  eden space 87040K, 0% used [0x00000000eab00000,0x00000000eab00000,0x00000000f0000000)
  from space 512K, 0% used [0x00000000f1380000,0x00000000f1380000,0x00000000f1400000)
  to   space 21504K, 0% used [0x00000000f1e80000,0x00000000f1e80000,0x00000000f3380000)
 ParOldGen       total 272896K, used 172132K [0x00000000c0000000, 0x00000000d0a80000, 0x00000000eab00000)
  object space 272896K, 63% used [0x00000000c0000000,0x00000000ca819048,0x00000000d0a80000)
 Metaspace       used 63787K, committed 64704K, reserved 1114112K
  class space    used 6646K, committed 7040K, reserved 1048576K
}
Event: 109,263 GC heap before
{Heap before GC invocations=57 (full 8):
 PSYoungGen      total 87552K, used 87040K [0x00000000eab00000, 0x00000000f3380000, 0x0000000100000000)
  eden space 87040K, 100% used [0x00000000eab00000,0x00000000f0000000,0x00000000f0000000)
  from space 512K, 0% used [0x00000000f1380000,0x00000000f1380000,0x00000000f1400000)
  to   space 21504K, 0% used [0x00000000f1e80000,0x00000000f1e80000,0x00000000f3380000)
 ParOldGen       total 272896K, used 172132K [0x00000000c0000000, 0x00000000d0a80000, 0x00000000eab00000)
  object space 272896K, 63% used [0x00000000c0000000,0x00000000ca819048,0x00000000d0a80000)
 Metaspace       used 64666K, committed 65600K, reserved 1114112K
  class space    used 6690K, committed 7104K, reserved 1048576K
}
Event: 109,268 GC heap after
{Heap after GC invocations=57 (full 8):
 PSYoungGen      total 90624K, used 5488K [0x00000000eab00000, 0x00000000f2400000, 0x0000000100000000)
  eden space 84992K, 0% used [0x00000000eab00000,0x00000000eab00000,0x00000000efe00000)
  from space 5632K, 97% used [0x00000000f1e80000,0x00000000f23dc010,0x00000000f2400000)
  to   space 9216K, 0% used [0x00000000f1200000,0x00000000f1200000,0x00000000f1b00000)
 ParOldGen       total 272896K, used 172140K [0x00000000c0000000, 0x00000000d0a80000, 0x00000000eab00000)
  object space 272896K, 63% used [0x00000000c0000000,0x00000000ca81b048,0x00000000d0a80000)
 Metaspace       used 64666K, committed 65600K, reserved 1114112K
  class space    used 6690K, committed 7104K, reserved 1048576K
}
Event: 122,814 GC heap before
{Heap before GC invocations=58 (full 8):
 PSYoungGen      total 90624K, used 90480K [0x00000000eab00000, 0x00000000f2400000, 0x0000000100000000)
  eden space 84992K, 100% used [0x00000000eab00000,0x00000000efe00000,0x00000000efe00000)
  from space 5632K, 97% used [0x00000000f1e80000,0x00000000f23dc010,0x00000000f2400000)
  to   space 9216K, 0% used [0x00000000f1200000,0x00000000f1200000,0x00000000f1b00000)
 ParOldGen       total 272896K, used 172140K [0x00000000c0000000, 0x00000000d0a80000, 0x00000000eab00000)
  object space 272896K, 63% used [0x00000000c0000000,0x00000000ca81b048,0x00000000d0a80000)
 Metaspace       used 66390K, committed 67328K, reserved 1114112K
  class space    used 6816K, committed 7232K, reserved 1048576K
}
Event: 122,820 GC heap after
{Heap after GC invocations=58 (full 8):
 PSYoungGen      total 92160K, used 9184K [0x00000000eab00000, 0x00000000f1f00000, 0x0000000100000000)
  eden space 82944K, 0% used [0x00000000eab00000,0x00000000eab00000,0x00000000efc00000)
  from space 9216K, 99% used [0x00000000f1200000,0x00000000f1af8020,0x00000000f1b00000)
  to   space 4096K, 0% used [0x00000000f1b00000,0x00000000f1b00000,0x00000000f1f00000)
 ParOldGen       total 272896K, used 173098K [0x00000000c0000000, 0x00000000d0a80000, 0x00000000eab00000)
  object space 272896K, 63% used [0x00000000c0000000,0x00000000ca90aaa8,0x00000000d0a80000)
 Metaspace       used 66390K, committed 67328K, reserved 1114112K
  class space    used 6816K, committed 7232K, reserved 1048576K
}
Event: 127,313 GC heap before
{Heap before GC invocations=59 (full 8):
 PSYoungGen      total 92160K, used 92128K [0x00000000eab00000, 0x00000000f1f00000, 0x0000000100000000)
  eden space 82944K, 100% used [0x00000000eab00000,0x00000000efc00000,0x00000000efc00000)
  from space 9216K, 99% used [0x00000000f1200000,0x00000000f1af8020,0x00000000f1b00000)
  to   space 4096K, 0% used [0x00000000f1b00000,0x00000000f1b00000,0x00000000f1f00000)
 ParOldGen       total 272896K, used 173098K [0x00000000c0000000, 0x00000000d0a80000, 0x00000000eab00000)
  object space 272896K, 63% used [0x00000000c0000000,0x00000000ca90aaa8,0x00000000d0a80000)
 Metaspace       used 66972K, committed 67968K, reserved 1114112K
  class space    used 6818K, committed 7232K, reserved 1048576K
}
Event: 127,318 GC heap after
{Heap after GC invocations=59 (full 8):
 PSYoungGen      total 84992K, used 4080K [0x00000000eab00000, 0x00000000f1f00000, 0x0000000100000000)
  eden space 80896K, 0% used [0x00000000eab00000,0x00000000eab00000,0x00000000efa00000)
  from space 4096K, 99% used [0x00000000f1b00000,0x00000000f1efc010,0x00000000f1f00000)
  to   space 13312K, 0% used [0x00000000f0500000,0x00000000f0500000,0x00000000f1200000)
 ParOldGen       total 272896K, used 181348K [0x00000000c0000000, 0x00000000d0a80000, 0x00000000eab00000)
  object space 272896K, 66% used [0x00000000c0000000,0x00000000cb119358,0x00000000d0a80000)
 Metaspace       used 66972K, committed 67968K, reserved 1114112K
  class space    used 6818K, committed 7232K, reserved 1048576K
}
Event: 134,998 GC heap before
{Heap before GC invocations=60 (full 8):
 PSYoungGen      total 84992K, used 84976K [0x00000000eab00000, 0x00000000f1f00000, 0x0000000100000000)
  eden space 80896K, 100% used [0x00000000eab00000,0x00000000efa00000,0x00000000efa00000)
  from space 4096K, 99% used [0x00000000f1b00000,0x00000000f1efc010,0x00000000f1f00000)
  to   space 13312K, 0% used [0x00000000f0500000,0x00000000f0500000,0x00000000f1200000)
 ParOldGen       total 272896K, used 181348K [0x00000000c0000000, 0x00000000d0a80000, 0x00000000eab00000)
  object space 272896K, 66% used [0x00000000c0000000,0x00000000cb119358,0x00000000d0a80000)
 Metaspace       used 74393K, committed 75392K, reserved 1122304K
  class space    used 7703K, committed 8128K, reserved 1048576K
}
Event: 135,007 GC heap after
{Heap after GC invocations=60 (full 8):
 PSYoungGen      total 89600K, used 10526K [0x00000000eab00000, 0x00000000f1b80000, 0x0000000100000000)
  eden space 78848K, 0% used [0x00000000eab00000,0x00000000eab00000,0x00000000ef800000)
  from space 10752K, 97% used [0x00000000f0500000,0x00000000f0f47a98,0x00000000f0f80000)
  to   space 11264K, 0% used [0x00000000f1080000,0x00000000f1080000,0x00000000f1b80000)
 ParOldGen       total 272896K, used 185488K [0x00000000c0000000, 0x00000000d0a80000, 0x00000000eab00000)
  object space 272896K, 67% used [0x00000000c0000000,0x00000000cb5240c8,0x00000000d0a80000)
 Metaspace       used 74393K, committed 75392K, reserved 1122304K
  class space    used 7703K, committed 8128K, reserved 1048576K
}
Event: 152,466 GC heap before
{Heap before GC invocations=61 (full 8):
 PSYoungGen      total 89600K, used 89374K [0x00000000eab00000, 0x00000000f1b80000, 0x0000000100000000)
  eden space 78848K, 100% used [0x00000000eab00000,0x00000000ef800000,0x00000000ef800000)
  from space 10752K, 97% used [0x00000000f0500000,0x00000000f0f47a98,0x00000000f0f80000)
  to   space 11264K, 0% used [0x00000000f1080000,0x00000000f1080000,0x00000000f1b80000)
 ParOldGen       total 272896K, used 185488K [0x00000000c0000000, 0x00000000d0a80000, 0x00000000eab00000)
  object space 272896K, 67% used [0x00000000c0000000,0x00000000cb5240c8,0x00000000d0a80000)
 Metaspace       used 77676K, committed 78784K, reserved 1122304K
  class space    used 8095K, committed 8576K, reserved 1048576K
}
Event: 152,470 GC heap after
{Heap after GC invocations=61 (full 8):
 PSYoungGen      total 86016K, used 9026K [0x00000000eab00000, 0x00000000f1980000, 0x0000000100000000)
  eden space 76800K, 0% used [0x00000000eab00000,0x00000000eab00000,0x00000000ef600000)
  from space 9216K, 97% used [0x00000000f1080000,0x00000000f1950910,0x00000000f1980000)
  to   space 9728K, 0% used [0x00000000f0680000,0x00000000f0680000,0x00000000f1000000)
 ParOldGen       total 272896K, used 185496K [0x00000000c0000000, 0x00000000d0a80000, 0x00000000eab00000)
  object space 272896K, 67% used [0x00000000c0000000,0x00000000cb5260c8,0x00000000d0a80000)
 Metaspace       used 77676K, committed 78784K, reserved 1122304K
  class space    used 8095K, committed 8576K, reserved 1048576K
}
Event: 161,099 GC heap before
{Heap before GC invocations=62 (full 8):
 PSYoungGen      total 86016K, used 85759K [0x00000000eab00000, 0x00000000f1980000, 0x0000000100000000)
  eden space 76800K, 99% used [0x00000000eab00000,0x00000000ef5ef510,0x00000000ef600000)
  from space 9216K, 97% used [0x00000000f1080000,0x00000000f1950910,0x00000000f1980000)
  to   space 9728K, 0% used [0x00000000f0680000,0x00000000f0680000,0x00000000f1000000)
 ParOldGen       total 272896K, used 185496K [0x00000000c0000000, 0x00000000d0a80000, 0x00000000eab00000)
  object space 272896K, 67% used [0x00000000c0000000,0x00000000cb5260c8,0x00000000d0a80000)
 Metaspace       used 78124K, committed 79104K, reserved 1122304K
  class space    used 8107K, committed 8576K, reserved 1048576K
}
Event: 161,104 GC heap after
{Heap after GC invocations=62 (full 8):
 PSYoungGen      total 84992K, used 9709K [0x00000000eab00000, 0x00000000f1100000, 0x0000000100000000)
  eden space 75264K, 0% used [0x00000000eab00000,0x00000000eab00000,0x00000000ef480000)
  from space 9728K, 99% used [0x00000000f0680000,0x00000000f0ffb478,0x00000000f1000000)
  to   space 1024K, 0% used [0x00000000f1000000,0x00000000f1000000,0x00000000f1100000)
 ParOldGen       total 272896K, used 185624K [0x00000000c0000000, 0x00000000d0a80000, 0x00000000eab00000)
  object space 272896K, 68% used [0x00000000c0000000,0x00000000cb5460c8,0x00000000d0a80000)
 Metaspace       used 78124K, committed 79104K, reserved 1122304K
  class space    used 8107K, committed 8576K, reserved 1048576K
}
Event: 167,048 GC heap before
{Heap before GC invocations=63 (full 8):
 PSYoungGen      total 84992K, used 84668K [0x00000000eab00000, 0x00000000f1100000, 0x0000000100000000)
  eden space 75264K, 99% used [0x00000000eab00000,0x00000000ef433ba0,0x00000000ef480000)
  from space 9728K, 99% used [0x00000000f0680000,0x00000000f0ffb478,0x00000000f1000000)
  to   space 1024K, 0% used [0x00000000f1000000,0x00000000f1000000,0x00000000f1100000)
 ParOldGen       total 272896K, used 185624K [0x00000000c0000000, 0x00000000d0a80000, 0x00000000eab00000)
  object space 272896K, 68% used [0x00000000c0000000,0x00000000cb5460c8,0x00000000d0a80000)
 Metaspace       used 78977K, committed 80000K, reserved 1122304K
  class space    used 8189K, committed 8640K, reserved 1048576K
}
Event: 167,057 GC heap after
{Heap after GC invocations=63 (full 8):
 PSYoungGen      total 74752K, used 1017K [0x00000000eab00000, 0x00000000f1c00000, 0x0000000100000000)
  eden space 73728K, 0% used [0x00000000eab00000,0x00000000eab00000,0x00000000ef300000)
  from space 1024K, 99% used [0x00000000f1000000,0x00000000f10fe598,0x00000000f1100000)
  to   space 20992K, 0% used [0x00000000ef300000,0x00000000ef300000,0x00000000f0780000)
 ParOldGen       total 272896K, used 203548K [0x00000000c0000000, 0x00000000d0a80000, 0x00000000eab00000)
  object space 272896K, 74% used [0x00000000c0000000,0x00000000cc6c7380,0x00000000d0a80000)
 Metaspace       used 78977K, committed 80000K, reserved 1122304K
  class space    used 8189K, committed 8640K, reserved 1048576K
}

